[2026-04-01 22:01:35] production.ERROR: SQLSTATE[HY000] [2002] Connection refused (Connection: mysql, SQL: select exists (select 1 from information_schema.tables where table_schema = schema() and table_name = 'migrations' and table_type in ('BASE TABLE', 'SYSTEM VERSIONED')) as `exists`) {"exception":"[object] (Illuminate\\Database\\QueryException(code: 2002): SQLSTATE[HY000] [2002] Connection refused (Connection: mysql, SQL: select exists (select 1 from information_schema.tables where table_schema = schema() and table_name = 'migrations' and table_type in ('BASE TABLE', 'SYSTEM VERSIONED')) as `exists`) at /Users/borchim/Downloads/codecanyon-3FohzjJo-vcard-saas-digital-business-card-builder-bio-links-builder/main-file/vendor/laravel/framework/src/Illuminate/Database/Connection.php:824)
[stacktrace]
#0 /Users/borchim/Downloads/codecanyon-3FohzjJo-vcard-saas-digital-business-card-builder-bio-links-builder/main-file/vendor/laravel/framework/src/Illuminate/Database/Connection.php(978): Illuminate\\Database\\Connection->runQueryCallback('select exists (...', Array, Object(Closure))
#1 /Users/borchim/Downloads/codecanyon-3FohzjJo-vcard-saas-digital-business-card-builder-bio-links-builder/main-file/vendor/laravel/framework/src/Illuminate/Database/Connection.php(957): Illuminate\\Database\\Connection->tryAgainIfCausedByLostConnection(Object(Illuminate\\Database\\QueryException), 'select exists (...', Array, Object(Closure))
#2 /Users/borchim/Downloads/codecanyon-3FohzjJo-vcard-saas-digital-business-card-builder-bio-links-builder/main-file/vendor/laravel/framework/src/Illuminate/Database/Connection.php(780): Illuminate\\Database\\Connection->handleQueryException(Object(Illuminate\\Database\\QueryException), 'select exists (...', Array, Object(Closure))
#3 /Users/borchim/Downloads/codecanyon-3FohzjJo-vcard-saas-digital-business-card-builder-bio-links-builder/main-file/vendor/laravel/framework/src/Illuminate/Database/Connection.php(397): Illuminate\\Database\\Connection->run('select exists (...', Array, Object(Closure))
#4 /Users/borchim/Downloads/codecanyon-3FohzjJo-vcard-saas-digital-business-card-builder-bio-links-builder/main-file/vendor/laravel/framework/src/Illuminate/Database/Connection.php(343): Illuminate\\Database\\Connection->select('select exists (...', Array, true)
#5 /Users/borchim/Downloads/codecanyon-3FohzjJo-vcard-saas-digital-business-card-builder-bio-links-builder/main-file/vendor/laravel/framework/src/Illuminate/Database/Connection.php(360): Illuminate\\Database\\Connection->selectOne('select exists (...', Array, true)
#6 /Users/borchim/Downloads/codecanyon-3FohzjJo-vcard-saas-digital-business-card-builder-bio-links-builder/main-file/vendor/laravel/framework/src/Illuminate/Database/Schema/Builder.php(174): Illuminate\\Database\\Connection->scalar('select exists (...')
#7 /Users/borchim/Downloads/codecanyon-3FohzjJo-vcard-saas-digital-business-card-builder-bio-links-builder/main-file/vendor/laravel/framework/src/Illuminate/Database/Migrations/DatabaseMigrationRepository.php(185): Illuminate\\Database\\Schema\\Builder->hasTable('migrations')
#8 /Users/borchim/Downloads/codecanyon-3FohzjJo-vcard-saas-digital-business-card-builder-bio-links-builder/main-file/vendor/laravel/framework/src/Illuminate/Database/Migrations/Migrator.php(753): Illuminate\\Database\\Migrations\\DatabaseMigrationRepository->repositoryExists()
#9 /Users/borchim/Downloads/codecanyon-3FohzjJo-vcard-saas-digital-business-card-builder-bio-links-builder/main-file/vendor/laravel/framework/src/Illuminate/Database/Console/Migrations/MigrateCommand.php(164): Illuminate\\Database\\Migrations\\Migrator->repositoryExists()
#10 /Users/borchim/Downloads/codecanyon-3FohzjJo-vcard-saas-digital-business-card-builder-bio-links-builder/main-file/vendor/laravel/framework/src/Illuminate/Support/helpers.php(338): Illuminate\\Database\\Console\\Migrations\\MigrateCommand->{closure:Illuminate\\Database\\Console\\Migrations\\MigrateCommand::repositoryExists():164}(1)
#11 /Users/borchim/Downloads/codecanyon-3FohzjJo-vcard-saas-digital-business-card-builder-bio-links-builder/main-file/vendor/laravel/framework/src/Illuminate/Database/Console/Migrations/MigrateCommand.php(164): retry(1, Object(Closure), 0, Object(Closure))
#12 /Users/borchim/Downloads/codecanyon-3FohzjJo-vcard-saas-digital-business-card-builder-bio-links-builder/main-file/vendor/laravel/framework/src/Illuminate/Database/Console/Migrations/MigrateCommand.php(140): Illuminate\\Database\\Console\\Migrations\\MigrateCommand->repositoryExists()
#13 /Users/borchim/Downloads/codecanyon-3FohzjJo-vcard-saas-digital-business-card-builder-bio-links-builder/main-file/vendor/laravel/framework/src/Illuminate/Database/Console/Migrations/MigrateCommand.php(110): Illuminate\\Database\\Console\\Migrations\\MigrateCommand->prepareDatabase()
#14 /Users/borchim/Downloads/codecanyon-3FohzjJo-vcard-saas-digital-business-card-builder-bio-links-builder/main-file/vendor/laravel/framework/src/Illuminate/Database/Migrations/Migrator.php(666): Illuminate\\Database\\Console\\Migrations\\MigrateCommand->{closure:Illuminate\\Database\\Console\\Migrations\\MigrateCommand::runMigrations():109}()
#15 /Users/borchim/Downloads/codecanyon-3FohzjJo-vcard-saas-digital-business-card-builder-bio-links-builder/main-file/vendor/laravel/framework/src/Illuminate/Database/Console/Migrations/MigrateCommand.php(109): Illuminate\\Database\\Migrations\\Migrator->usingConnection(NULL, Object(Closure))
#16 /Users/borchim/Downloads/codecanyon-3FohzjJo-vcard-saas-digital-business-card-builder-bio-links-builder/main-file/vendor/laravel/framework/src/Illuminate/Database/Console/Migrations/MigrateCommand.php(88): Illuminate\\Database\\Console\\Migrations\\MigrateCommand->runMigrations()
#17 /Users/borchim/Downloads/codecanyon-3FohzjJo-vcard-saas-digital-business-card-builder-bio-links-builder/main-file/vendor/laravel/framework/src/Illuminate/Container/BoundMethod.php(36): Illuminate\\Database\\Console\\Migrations\\MigrateCommand->handle()
#18 /Users/borchim/Downloads/codecanyon-3FohzjJo-vcard-saas-digital-business-card-builder-bio-links-builder/main-file/vendor/laravel/framework/src/Illuminate/Container/Util.php(43): Illuminate\\Container\\BoundMethod::{closure:Illuminate\\Container\\BoundMethod::call():35}()
#19 /Users/borchim/Downloads/codecanyon-3FohzjJo-vcard-saas-digital-business-card-builder-bio-links-builder/main-file/vendor/laravel/framework/src/Illuminate/Container/BoundMethod.php(96): Illuminate\\Container\\Util::unwrapIfClosure(Object(Closure))
#20 /Users/borchim/Downloads/codecanyon-3FohzjJo-vcard-saas-digital-business-card-builder-bio-links-builder/main-file/vendor/laravel/framework/src/Illuminate/Container/BoundMethod.php(35): Illuminate\\Container\\BoundMethod::callBoundMethod(Object(Illuminate\\Foundation\\Application), Array, Object(Closure))
#21 /Users/borchim/Downloads/codecanyon-3FohzjJo-vcard-saas-digital-business-card-builder-bio-links-builder/main-file/vendor/laravel/framework/src/Illuminate/Container/Container.php(835): Illuminate\\Container\\BoundMethod::call(Object(Illuminate\\Foundation\\Application), Array, Array, NULL)
#22 /Users/borchim/Downloads/codecanyon-3FohzjJo-vcard-saas-digital-business-card-builder-bio-links-builder/main-file/vendor/laravel/framework/src/Illuminate/Console/Command.php(211): Illuminate\\Container\\Container->call(Array)
#23 /Users/borchim/Downloads/codecanyon-3FohzjJo-vcard-saas-digital-business-card-builder-bio-links-builder/main-file/vendor/symfony/console/Command/Command.php(318): Illuminate\\Console\\Command->execute(Object(Symfony\\Component\\Console\\Input\\ArgvInput), Object(Illuminate\\Console\\OutputStyle))
#24 /Users/borchim/Downloads/codecanyon-3FohzjJo-vcard-saas-digital-business-card-builder-bio-links-builder/main-file/vendor/laravel/framework/src/Illuminate/Console/Command.php(180): Symfony\\Component\\Console\\Command\\Command->run(Object(Symfony\\Component\\Console\\Input\\ArgvInput), Object(Illuminate\\Console\\OutputStyle))
#25 /Users/borchim/Downloads/codecanyon-3FohzjJo-vcard-saas-digital-business-card-builder-bio-links-builder/main-file/vendor/symfony/console/Application.php(1092): Illuminate\\Console\\Command->run(Object(Symfony\\Component\\Console\\Input\\ArgvInput), Object(Symfony\\Component\\Console\\Output\\ConsoleOutput))
#26 /Users/borchim/Downloads/codecanyon-3FohzjJo-vcard-saas-digital-business-card-builder-bio-links-builder/main-file/vendor/symfony/console/Application.php(341): Symfony\\Component\\Console\\Application->doRunCommand(Object(Illuminate\\Database\\Console\\Migrations\\MigrateCommand), Object(Symfony\\Component\\Console\\Input\\ArgvInput), Object(Symfony\\Component\\Console\\Output\\ConsoleOutput))
#27 /Users/borchim/Downloads/codecanyon-3FohzjJo-vcard-saas-digital-business-card-builder-bio-links-builder/main-file/vendor/symfony/console/Application.php(192): Symfony\\Component\\Console\\Application->doRun(Object(Symfony\\Component\\Console\\Input\\ArgvInput), Object(Symfony\\Component\\Console\\Output\\ConsoleOutput))
#28 /Users/borchim/Downloads/codecanyon-3FohzjJo-vcard-saas-digital-business-card-builder-bio-links-builder/main-file/vendor/laravel/framework/src/Illuminate/Foundation/Console/Kernel.php(197): Symfony\\Component\\Console\\Application->run(Object(Symfony\\Component\\Console\\Input\\ArgvInput), Object(Symfony\\Component\\Console\\Output\\ConsoleOutput))
#29 /Users/borchim/Downloads/codecanyon-3FohzjJo-vcard-saas-digital-business-card-builder-bio-links-builder/main-file/vendor/laravel/framework/src/Illuminate/Foundation/Application.php(1234): Illuminate\\Foundation\\Console\\Kernel->handle(Object(Symfony\\Component\\Console\\Input\\ArgvInput), Object(Symfony\\Component\\Console\\Output\\ConsoleOutput))
#30 /Users/borchim/Downloads/codecanyon-3FohzjJo-vcard-saas-digital-business-card-builder-bio-links-builder/main-file/artisan(16): Illuminate\\Foundation\\Application->handleCommand(Object(Symfony\\Component\\Console\\Input\\ArgvInput))
#31 {main}

[previous exception] [object] (PDOException(code: 2002): SQLSTATE[HY000] [2002] Connection refused at /Users/borchim/Downloads/codecanyon-3FohzjJo-vcard-saas-digital-business-card-builder-bio-links-builder/main-file/vendor/laravel/framework/src/Illuminate/Database/Connectors/Connector.php:67)
[stacktrace]
#0 /Users/borchim/Downloads/codecanyon-3FohzjJo-vcard-saas-digital-business-card-builder-bio-links-builder/main-file/vendor/laravel/framework/src/Illuminate/Database/Connectors/Connector.php(67): PDO::connect('mysql:host=127....', 'u290073797_Kard...', Object(SensitiveParameterValue), Array)
#1 /Users/borchim/Downloads/codecanyon-3FohzjJo-vcard-saas-digital-business-card-builder-bio-links-builder/main-file/vendor/laravel/framework/src/Illuminate/Database/Connectors/Connector.php(85): Illuminate\\Database\\Connectors\\Connector->createPdoConnection('mysql:host=127....', 'u290073797_Kard...', Object(SensitiveParameterValue), Array)
#2 /Users/borchim/Downloads/codecanyon-3FohzjJo-vcard-saas-digital-business-card-builder-bio-links-builder/main-file/vendor/laravel/framework/src/Illuminate/Database/Connectors/Connector.php(48): Illuminate\\Database\\Connectors\\Connector->tryAgainIfCausedByLostConnection(Object(PDOException), 'mysql:host=127....', 'u290073797_Kard...', Object(SensitiveParameterValue), Array)
#3 /Users/borchim/Downloads/codecanyon-3FohzjJo-vcard-saas-digital-business-card-builder-bio-links-builder/main-file/vendor/laravel/framework/src/Illuminate/Database/Connectors/MySqlConnector.php(24): Illuminate\\Database\\Connectors\\Connector->createConnection('mysql:host=127....', Array, Array)
#4 /Users/borchim/Downloads/codecanyon-3FohzjJo-vcard-saas-digital-business-card-builder-bio-links-builder/main-file/vendor/laravel/framework/src/Illuminate/Database/Connectors/ConnectionFactory.php(184): Illuminate\\Database\\Connectors\\MySqlConnector->connect(Array)
#5 [internal function]: Illuminate\\Database\\Connectors\\ConnectionFactory->{closure:Illuminate\\Database\\Connectors\\ConnectionFactory::createPdoResolverWithHosts():179}()
#6 /Users/borchim/Downloads/codecanyon-3FohzjJo-vcard-saas-digital-business-card-builder-bio-links-builder/main-file/vendor/laravel/framework/src/Illuminate/Database/Connection.php(1230): call_user_func(Object(Closure))
#7 /Users/borchim/Downloads/codecanyon-3FohzjJo-vcard-saas-digital-business-card-builder-bio-links-builder/main-file/vendor/laravel/framework/src/Illuminate/Database/Connection.php(1266): Illuminate\\Database\\Connection->getPdo()
#8 /Users/borchim/Downloads/codecanyon-3FohzjJo-vcard-saas-digital-business-card-builder-bio-links-builder/main-file/vendor/laravel/framework/src/Illuminate/Database/Connection.php(511): Illuminate\\Database\\Connection->getReadPdo()
#9 /Users/borchim/Downloads/codecanyon-3FohzjJo-vcard-saas-digital-business-card-builder-bio-links-builder/main-file/vendor/laravel/framework/src/Illuminate/Database/Connection.php(406): Illuminate\\Database\\Connection->getPdoForSelect(true)
#10 /Users/borchim/Downloads/codecanyon-3FohzjJo-vcard-saas-digital-business-card-builder-bio-links-builder/main-file/vendor/laravel/framework/src/Illuminate/Database/Connection.php(811): Illuminate\\Database\\Connection->{closure:Illuminate\\Database\\Connection::select():397}('select exists (...', Array)
#11 /Users/borchim/Downloads/codecanyon-3FohzjJo-vcard-saas-digital-business-card-builder-bio-links-builder/main-file/vendor/laravel/framework/src/Illuminate/Database/Connection.php(978): Illuminate\\Database\\Connection->runQueryCallback('select exists (...', Array, Object(Closure))
#12 /Users/borchim/Downloads/codecanyon-3FohzjJo-vcard-saas-digital-business-card-builder-bio-links-builder/main-file/vendor/laravel/framework/src/Illuminate/Database/Connection.php(957): Illuminate\\Database\\Connection->tryAgainIfCausedByLostConnection(Object(Illuminate\\Database\\QueryException), 'select exists (...', Array, Object(Closure))
#13 /Users/borchim/Downloads/codecanyon-3FohzjJo-vcard-saas-digital-business-card-builder-bio-links-builder/main-file/vendor/laravel/framework/src/Illuminate/Database/Connection.php(780): Illuminate\\Database\\Connection->handleQueryException(Object(Illuminate\\Database\\QueryException), 'select exists (...', Array, Object(Closure))
#14 /Users/borchim/Downloads/codecanyon-3FohzjJo-vcard-saas-digital-business-card-builder-bio-links-builder/main-file/vendor/laravel/framework/src/Illuminate/Database/Connection.php(397): Illuminate\\Database\\Connection->run('select exists (...', Array, Object(Closure))
#15 /Users/borchim/Downloads/codecanyon-3FohzjJo-vcard-saas-digital-business-card-builder-bio-links-builder/main-file/vendor/laravel/framework/src/Illuminate/Database/Connection.php(343): Illuminate\\Database\\Connection->select('select exists (...', Array, true)
#16 /Users/borchim/Downloads/codecanyon-3FohzjJo-vcard-saas-digital-business-card-builder-bio-links-builder/main-file/vendor/laravel/framework/src/Illuminate/Database/Connection.php(360): Illuminate\\Database\\Connection->selectOne('select exists (...', Array, true)
#17 /Users/borchim/Downloads/codecanyon-3FohzjJo-vcard-saas-digital-business-card-builder-bio-links-builder/main-file/vendor/laravel/framework/src/Illuminate/Database/Schema/Builder.php(174): Illuminate\\Database\\Connection->scalar('select exists (...')
#18 /Users/borchim/Downloads/codecanyon-3FohzjJo-vcard-saas-digital-business-card-builder-bio-links-builder/main-file/vendor/laravel/framework/src/Illuminate/Database/Migrations/DatabaseMigrationRepository.php(185): Illuminate\\Database\\Schema\\Builder->hasTable('migrations')
#19 /Users/borchim/Downloads/codecanyon-3FohzjJo-vcard-saas-digital-business-card-builder-bio-links-builder/main-file/vendor/laravel/framework/src/Illuminate/Database/Migrations/Migrator.php(753): Illuminate\\Database\\Migrations\\DatabaseMigrationRepository->repositoryExists()
#20 /Users/borchim/Downloads/codecanyon-3FohzjJo-vcard-saas-digital-business-card-builder-bio-links-builder/main-file/vendor/laravel/framework/src/Illuminate/Database/Console/Migrations/MigrateCommand.php(164): Illuminate\\Database\\Migrations\\Migrator->repositoryExists()
#21 /Users/borchim/Downloads/codecanyon-3FohzjJo-vcard-saas-digital-business-card-builder-bio-links-builder/main-file/vendor/laravel/framework/src/Illuminate/Support/helpers.php(338): Illuminate\\Database\\Console\\Migrations\\MigrateCommand->{closure:Illuminate\\Database\\Console\\Migrations\\MigrateCommand::repositoryExists():164}(1)
#22 /Users/borchim/Downloads/codecanyon-3FohzjJo-vcard-saas-digital-business-card-builder-bio-links-builder/main-file/vendor/laravel/framework/src/Illuminate/Database/Console/Migrations/MigrateCommand.php(164): retry(1, Object(Closure), 0, Object(Closure))
#23 /Users/borchim/Downloads/codecanyon-3FohzjJo-vcard-saas-digital-business-card-builder-bio-links-builder/main-file/vendor/laravel/framework/src/Illuminate/Database/Console/Migrations/MigrateCommand.php(140): Illuminate\\Database\\Console\\Migrations\\MigrateCommand->repositoryExists()
#24 /Users/borchim/Downloads/codecanyon-3FohzjJo-vcard-saas-digital-business-card-builder-bio-links-builder/main-file/vendor/laravel/framework/src/Illuminate/Database/Console/Migrations/MigrateCommand.php(110): Illuminate\\Database\\Console\\Migrations\\MigrateCommand->prepareDatabase()
#25 /Users/borchim/Downloads/codecanyon-3FohzjJo-vcard-saas-digital-business-card-builder-bio-links-builder/main-file/vendor/laravel/framework/src/Illuminate/Database/Migrations/Migrator.php(666): Illuminate\\Database\\Console\\Migrations\\MigrateCommand->{closure:Illuminate\\Database\\Console\\Migrations\\MigrateCommand::runMigrations():109}()
#26 /Users/borchim/Downloads/codecanyon-3FohzjJo-vcard-saas-digital-business-card-builder-bio-links-builder/main-file/vendor/laravel/framework/src/Illuminate/Database/Console/Migrations/MigrateCommand.php(109): Illuminate\\Database\\Migrations\\Migrator->usingConnection(NULL, Object(Closure))
#27 /Users/borchim/Downloads/codecanyon-3FohzjJo-vcard-saas-digital-business-card-builder-bio-links-builder/main-file/vendor/laravel/framework/src/Illuminate/Database/Console/Migrations/MigrateCommand.php(88): Illuminate\\Database\\Console\\Migrations\\MigrateCommand->runMigrations()
#28 /Users/borchim/Downloads/codecanyon-3FohzjJo-vcard-saas-digital-business-card-builder-bio-links-builder/main-file/vendor/laravel/framework/src/Illuminate/Container/BoundMethod.php(36): Illuminate\\Database\\Console\\Migrations\\MigrateCommand->handle()
#29 /Users/borchim/Downloads/codecanyon-3FohzjJo-vcard-saas-digital-business-card-builder-bio-links-builder/main-file/vendor/laravel/framework/src/Illuminate/Container/Util.php(43): Illuminate\\Container\\BoundMethod::{closure:Illuminate\\Container\\BoundMethod::call():35}()
#30 /Users/borchim/Downloads/codecanyon-3FohzjJo-vcard-saas-digital-business-card-builder-bio-links-builder/main-file/vendor/laravel/framework/src/Illuminate/Container/BoundMethod.php(96): Illuminate\\Container\\Util::unwrapIfClosure(Object(Closure))
#31 /Users/borchim/Downloads/codecanyon-3FohzjJo-vcard-saas-digital-business-card-builder-bio-links-builder/main-file/vendor/laravel/framework/src/Illuminate/Container/BoundMethod.php(35): Illuminate\\Container\\BoundMethod::callBoundMethod(Object(Illuminate\\Foundation\\Application), Array, Object(Closure))
#32 /Users/borchim/Downloads/codecanyon-3FohzjJo-vcard-saas-digital-business-card-builder-bio-links-builder/main-file/vendor/laravel/framework/src/Illuminate/Container/Container.php(835): Illuminate\\Container\\BoundMethod::call(Object(Illuminate\\Foundation\\Application), Array, Array, NULL)
#33 /Users/borchim/Downloads/codecanyon-3FohzjJo-vcard-saas-digital-business-card-builder-bio-links-builder/main-file/vendor/laravel/framework/src/Illuminate/Console/Command.php(211): Illuminate\\Container\\Container->call(Array)
#34 /Users/borchim/Downloads/codecanyon-3FohzjJo-vcard-saas-digital-business-card-builder-bio-links-builder/main-file/vendor/symfony/console/Command/Command.php(318): Illuminate\\Console\\Command->execute(Object(Symfony\\Component\\Console\\Input\\ArgvInput), Object(Illuminate\\Console\\OutputStyle))
#35 /Users/borchim/Downloads/codecanyon-3FohzjJo-vcard-saas-digital-business-card-builder-bio-links-builder/main-file/vendor/laravel/framework/src/Illuminate/Console/Command.php(180): Symfony\\Component\\Console\\Command\\Command->run(Object(Symfony\\Component\\Console\\Input\\ArgvInput), Object(Illuminate\\Console\\OutputStyle))
#36 /Users/borchim/Downloads/codecanyon-3FohzjJo-vcard-saas-digital-business-card-builder-bio-links-builder/main-file/vendor/symfony/console/Application.php(1092): Illuminate\\Console\\Command->run(Object(Symfony\\Component\\Console\\Input\\ArgvInput), Object(Symfony\\Component\\Console\\Output\\ConsoleOutput))
#37 /Users/borchim/Downloads/codecanyon-3FohzjJo-vcard-saas-digital-business-card-builder-bio-links-builder/main-file/vendor/symfony/console/Application.php(341): Symfony\\Component\\Console\\Application->doRunCommand(Object(Illuminate\\Database\\Console\\Migrations\\MigrateCommand), Object(Symfony\\Component\\Console\\Input\\ArgvInput), Object(Symfony\\Component\\Console\\Output\\ConsoleOutput))
#38 /Users/borchim/Downloads/codecanyon-3FohzjJo-vcard-saas-digital-business-card-builder-bio-links-builder/main-file/vendor/symfony/console/Application.php(192): Symfony\\Component\\Console\\Application->doRun(Object(Symfony\\Component\\Console\\Input\\ArgvInput), Object(Symfony\\Component\\Console\\Output\\ConsoleOutput))
#39 /Users/borchim/Downloads/codecanyon-3FohzjJo-vcard-saas-digital-business-card-builder-bio-links-builder/main-file/vendor/laravel/framework/src/Illuminate/Foundation/Console/Kernel.php(197): Symfony\\Component\\Console\\Application->run(Object(Symfony\\Component\\Console\\Input\\ArgvInput), Object(Symfony\\Component\\Console\\Output\\ConsoleOutput))
#40 /Users/borchim/Downloads/codecanyon-3FohzjJo-vcard-saas-digital-business-card-builder-bio-links-builder/main-file/vendor/laravel/framework/src/Illuminate/Foundation/Application.php(1234): Illuminate\\Foundation\\Console\\Kernel->handle(Object(Symfony\\Component\\Console\\Input\\ArgvInput), Object(Symfony\\Component\\Console\\Output\\ConsoleOutput))
#41 /Users/borchim/Downloads/codecanyon-3FohzjJo-vcard-saas-digital-business-card-builder-bio-links-builder/main-file/artisan(16): Illuminate\\Foundation\\Application->handleCommand(Object(Symfony\\Component\\Console\\Input\\ArgvInput))
#42 {main}
"} 
[2026-04-06 22:22:57] production.ERROR: Please provide a valid cache path. {"exception":"[object] (InvalidArgumentException(code: 0): Please provide a valid cache path. at /Users/borchim/Downloads/codecanyon-3FohzjJo-vcard-saas-digital-business-card-builder-bio-links-builder/main-file/vendor/laravel/framework/src/Illuminate/View/Compilers/Compiler.php:75)
[stacktrace]
#0 /Users/borchim/Downloads/codecanyon-3FohzjJo-vcard-saas-digital-business-card-builder-bio-links-builder/main-file/vendor/laravel/framework/src/Illuminate/View/ViewServiceProvider.php(97): Illuminate\\View\\Compilers\\Compiler->__construct(Object(Illuminate\\Filesystem\\Filesystem), false, '', true, 'php', true)
#1 /Users/borchim/Downloads/codecanyon-3FohzjJo-vcard-saas-digital-business-card-builder-bio-links-builder/main-file/vendor/laravel/framework/src/Illuminate/Container/Container.php(1153): Illuminate\\View\\ViewServiceProvider->{closure:Illuminate\\View\\ViewServiceProvider::registerBladeCompiler():96}(Object(Illuminate\\Foundation\\Application), Array)
#2 /Users/borchim/Downloads/codecanyon-3FohzjJo-vcard-saas-digital-business-card-builder-bio-links-builder/main-file/vendor/laravel/framework/src/Illuminate/Container/Container.php(971): Illuminate\\Container\\Container->build(Object(Closure))
#3 /Users/borchim/Downloads/codecanyon-3FohzjJo-vcard-saas-digital-business-card-builder-bio-links-builder/main-file/vendor/laravel/framework/src/Illuminate/Foundation/Application.php(1077): Illuminate\\Container\\Container->resolve('blade.compiler', Array, true)
#4 /Users/borchim/Downloads/codecanyon-3FohzjJo-vcard-saas-digital-business-card-builder-bio-links-builder/main-file/vendor/laravel/framework/src/Illuminate/Container/Container.php(902): Illuminate\\Foundation\\Application->resolve('blade.compiler', Array)
#5 /Users/borchim/Downloads/codecanyon-3FohzjJo-vcard-saas-digital-business-card-builder-bio-links-builder/main-file/vendor/laravel/framework/src/Illuminate/Foundation/Application.php(1057): Illuminate\\Container\\Container->make('blade.compiler', Array)
#6 /Users/borchim/Downloads/codecanyon-3FohzjJo-vcard-saas-digital-business-card-builder-bio-links-builder/main-file/vendor/laravel/framework/src/Illuminate/Container/Container.php(1822): Illuminate\\Foundation\\Application->make('blade.compiler')
#7 /Users/borchim/Downloads/codecanyon-3FohzjJo-vcard-saas-digital-business-card-builder-bio-links-builder/main-file/vendor/laravel/framework/src/Illuminate/Support/Facades/Facade.php(240): Illuminate\\Container\\Container->offsetGet('blade.compiler')
#8 /Users/borchim/Downloads/codecanyon-3FohzjJo-vcard-saas-digital-business-card-builder-bio-links-builder/main-file/vendor/laravel/framework/src/Illuminate/Support/Facades/Facade.php(211): Illuminate\\Support\\Facades\\Facade::resolveFacadeInstance('blade.compiler')
#9 /Users/borchim/Downloads/codecanyon-3FohzjJo-vcard-saas-digital-business-card-builder-bio-links-builder/main-file/vendor/laravel/framework/src/Illuminate/Support/Facades/Facade.php(357): Illuminate\\Support\\Facades\\Facade::getFacadeRoot()
#10 /Users/borchim/Downloads/codecanyon-3FohzjJo-vcard-saas-digital-business-card-builder-bio-links-builder/main-file/vendor/larabug/larabug/src/ServiceProvider.php(43): Illuminate\\Support\\Facades\\Facade::__callStatic('include', Array)
#11 /Users/borchim/Downloads/codecanyon-3FohzjJo-vcard-saas-digital-business-card-builder-bio-links-builder/main-file/vendor/laravel/framework/src/Illuminate/Container/BoundMethod.php(36): LaraBug\\ServiceProvider->boot()
#12 /Users/borchim/Downloads/codecanyon-3FohzjJo-vcard-saas-digital-business-card-builder-bio-links-builder/main-file/vendor/laravel/framework/src/Illuminate/Container/Util.php(43): Illuminate\\Container\\BoundMethod::{closure:Illuminate\\Container\\BoundMethod::call():35}()
#13 /Users/borchim/Downloads/codecanyon-3FohzjJo-vcard-saas-digital-business-card-builder-bio-links-builder/main-file/vendor/laravel/framework/src/Illuminate/Container/BoundMethod.php(96): Illuminate\\Container\\Util::unwrapIfClosure(Object(Closure))
#14 /Users/borchim/Downloads/codecanyon-3FohzjJo-vcard-saas-digital-business-card-builder-bio-links-builder/main-file/vendor/laravel/framework/src/Illuminate/Container/BoundMethod.php(35): Illuminate\\Container\\BoundMethod::callBoundMethod(Object(Illuminate\\Foundation\\Application), Array, Object(Closure))
#15 /Users/borchim/Downloads/codecanyon-3FohzjJo-vcard-saas-digital-business-card-builder-bio-links-builder/main-file/vendor/laravel/framework/src/Illuminate/Container/Container.php(835): Illuminate\\Container\\BoundMethod::call(Object(Illuminate\\Foundation\\Application), Array, Array, NULL)
#16 /Users/borchim/Downloads/codecanyon-3FohzjJo-vcard-saas-digital-business-card-builder-bio-links-builder/main-file/vendor/laravel/framework/src/Illuminate/Foundation/Application.php(1150): Illuminate\\Container\\Container->call(Array)
#17 /Users/borchim/Downloads/codecanyon-3FohzjJo-vcard-saas-digital-business-card-builder-bio-links-builder/main-file/vendor/laravel/framework/src/Illuminate/Foundation/Application.php(1131): Illuminate\\Foundation\\Application->bootProvider(Object(LaraBug\\ServiceProvider))
#18 [internal function]: Illuminate\\Foundation\\Application->{closure:Illuminate\\Foundation\\Application::boot():1130}(Object(LaraBug\\ServiceProvider), 'LaraBug\\\\Service...')
#19 /Users/borchim/Downloads/codecanyon-3FohzjJo-vcard-saas-digital-business-card-builder-bio-links-builder/main-file/vendor/laravel/framework/src/Illuminate/Foundation/Application.php(1130): array_walk(Array, Object(Closure))
#20 /Users/borchim/Downloads/codecanyon-3FohzjJo-vcard-saas-digital-business-card-builder-bio-links-builder/main-file/vendor/laravel/framework/src/Illuminate/Foundation/Bootstrap/BootProviders.php(17): Illuminate\\Foundation\\Application->boot()
#21 /Users/borchim/Downloads/codecanyon-3FohzjJo-vcard-saas-digital-business-card-builder-bio-links-builder/main-file/vendor/laravel/framework/src/Illuminate/Foundation/Application.php(341): Illuminate\\Foundation\\Bootstrap\\BootProviders->bootstrap(Object(Illuminate\\Foundation\\Application))
#22 /Users/borchim/Downloads/codecanyon-3FohzjJo-vcard-saas-digital-business-card-builder-bio-links-builder/main-file/vendor/laravel/framework/src/Illuminate/Foundation/Console/Kernel.php(473): Illuminate\\Foundation\\Application->bootstrapWith(Array)
#23 /Users/borchim/Downloads/codecanyon-3FohzjJo-vcard-saas-digital-business-card-builder-bio-links-builder/main-file/vendor/laravel/framework/src/Illuminate/Foundation/Console/Kernel.php(195): Illuminate\\Foundation\\Console\\Kernel->bootstrap()
#24 /Users/borchim/Downloads/codecanyon-3FohzjJo-vcard-saas-digital-business-card-builder-bio-links-builder/main-file/vendor/laravel/framework/src/Illuminate/Foundation/Application.php(1234): Illuminate\\Foundation\\Console\\Kernel->handle(Object(Symfony\\Component\\Console\\Input\\ArgvInput), Object(Symfony\\Component\\Console\\Output\\ConsoleOutput))
#25 /Users/borchim/Downloads/codecanyon-3FohzjJo-vcard-saas-digital-business-card-builder-bio-links-builder/main-file/artisan(16): Illuminate\\Foundation\\Application->handleCommand(Object(Symfony\\Component\\Console\\Input\\ArgvInput))
#26 {main}
"} 
[2026-04-06 22:22:58] production.ERROR: Please provide a valid cache path. {"exception":"[object] (InvalidArgumentException(code: 0): Please provide a valid cache path. at /Users/borchim/Downloads/codecanyon-3FohzjJo-vcard-saas-digital-business-card-builder-bio-links-builder/main-file/vendor/laravel/framework/src/Illuminate/View/Compilers/Compiler.php:75)
[stacktrace]
#0 /Users/borchim/Downloads/codecanyon-3FohzjJo-vcard-saas-digital-business-card-builder-bio-links-builder/main-file/vendor/laravel/framework/src/Illuminate/View/ViewServiceProvider.php(97): Illuminate\\View\\Compilers\\Compiler->__construct(Object(Illuminate\\Filesystem\\Filesystem), false, '', true, 'php', true)
#1 /Users/borchim/Downloads/codecanyon-3FohzjJo-vcard-saas-digital-business-card-builder-bio-links-builder/main-file/vendor/laravel/framework/src/Illuminate/Container/Container.php(1153): Illuminate\\View\\ViewServiceProvider->{closure:Illuminate\\View\\ViewServiceProvider::registerBladeCompiler():96}(Object(Illuminate\\Foundation\\Application), Array)
#2 /Users/borchim/Downloads/codecanyon-3FohzjJo-vcard-saas-digital-business-card-builder-bio-links-builder/main-file/vendor/laravel/framework/src/Illuminate/Container/Container.php(971): Illuminate\\Container\\Container->build(Object(Closure))
#3 /Users/borchim/Downloads/codecanyon-3FohzjJo-vcard-saas-digital-business-card-builder-bio-links-builder/main-file/vendor/laravel/framework/src/Illuminate/Foundation/Application.php(1077): Illuminate\\Container\\Container->resolve('blade.compiler', Array, true)
#4 /Users/borchim/Downloads/codecanyon-3FohzjJo-vcard-saas-digital-business-card-builder-bio-links-builder/main-file/vendor/laravel/framework/src/Illuminate/Container/Container.php(902): Illuminate\\Foundation\\Application->resolve('blade.compiler', Array)
#5 /Users/borchim/Downloads/codecanyon-3FohzjJo-vcard-saas-digital-business-card-builder-bio-links-builder/main-file/vendor/laravel/framework/src/Illuminate/Foundation/Application.php(1057): Illuminate\\Container\\Container->make('blade.compiler', Array)
#6 /Users/borchim/Downloads/codecanyon-3FohzjJo-vcard-saas-digital-business-card-builder-bio-links-builder/main-file/vendor/laravel/framework/src/Illuminate/Container/Container.php(1822): Illuminate\\Foundation\\Application->make('blade.compiler')
#7 /Users/borchim/Downloads/codecanyon-3FohzjJo-vcard-saas-digital-business-card-builder-bio-links-builder/main-file/vendor/laravel/framework/src/Illuminate/Support/Facades/Facade.php(240): Illuminate\\Container\\Container->offsetGet('blade.compiler')
#8 /Users/borchim/Downloads/codecanyon-3FohzjJo-vcard-saas-digital-business-card-builder-bio-links-builder/main-file/vendor/laravel/framework/src/Illuminate/Support/Facades/Facade.php(211): Illuminate\\Support\\Facades\\Facade::resolveFacadeInstance('blade.compiler')
#9 /Users/borchim/Downloads/codecanyon-3FohzjJo-vcard-saas-digital-business-card-builder-bio-links-builder/main-file/vendor/laravel/framework/src/Illuminate/Support/Facades/Facade.php(357): Illuminate\\Support\\Facades\\Facade::getFacadeRoot()
#10 /Users/borchim/Downloads/codecanyon-3FohzjJo-vcard-saas-digital-business-card-builder-bio-links-builder/main-file/vendor/larabug/larabug/src/ServiceProvider.php(43): Illuminate\\Support\\Facades\\Facade::__callStatic('include', Array)
#11 /Users/borchim/Downloads/codecanyon-3FohzjJo-vcard-saas-digital-business-card-builder-bio-links-builder/main-file/vendor/laravel/framework/src/Illuminate/Container/BoundMethod.php(36): LaraBug\\ServiceProvider->boot()
#12 /Users/borchim/Downloads/codecanyon-3FohzjJo-vcard-saas-digital-business-card-builder-bio-links-builder/main-file/vendor/laravel/framework/src/Illuminate/Container/Util.php(43): Illuminate\\Container\\BoundMethod::{closure:Illuminate\\Container\\BoundMethod::call():35}()
#13 /Users/borchim/Downloads/codecanyon-3FohzjJo-vcard-saas-digital-business-card-builder-bio-links-builder/main-file/vendor/laravel/framework/src/Illuminate/Container/BoundMethod.php(96): Illuminate\\Container\\Util::unwrapIfClosure(Object(Closure))
#14 /Users/borchim/Downloads/codecanyon-3FohzjJo-vcard-saas-digital-business-card-builder-bio-links-builder/main-file/vendor/laravel/framework/src/Illuminate/Container/BoundMethod.php(35): Illuminate\\Container\\BoundMethod::callBoundMethod(Object(Illuminate\\Foundation\\Application), Array, Object(Closure))
#15 /Users/borchim/Downloads/codecanyon-3FohzjJo-vcard-saas-digital-business-card-builder-bio-links-builder/main-file/vendor/laravel/framework/src/Illuminate/Container/Container.php(835): Illuminate\\Container\\BoundMethod::call(Object(Illuminate\\Foundation\\Application), Array, Array, NULL)
#16 /Users/borchim/Downloads/codecanyon-3FohzjJo-vcard-saas-digital-business-card-builder-bio-links-builder/main-file/vendor/laravel/framework/src/Illuminate/Foundation/Application.php(1150): Illuminate\\Container\\Container->call(Array)
#17 /Users/borchim/Downloads/codecanyon-3FohzjJo-vcard-saas-digital-business-card-builder-bio-links-builder/main-file/vendor/laravel/framework/src/Illuminate/Foundation/Application.php(1131): Illuminate\\Foundation\\Application->bootProvider(Object(LaraBug\\ServiceProvider))
#18 [internal function]: Illuminate\\Foundation\\Application->{closure:Illuminate\\Foundation\\Application::boot():1130}(Object(LaraBug\\ServiceProvider), 'LaraBug\\\\Service...')
#19 /Users/borchim/Downloads/codecanyon-3FohzjJo-vcard-saas-digital-business-card-builder-bio-links-builder/main-file/vendor/laravel/framework/src/Illuminate/Foundation/Application.php(1130): array_walk(Array, Object(Closure))
#20 /Users/borchim/Downloads/codecanyon-3FohzjJo-vcard-saas-digital-business-card-builder-bio-links-builder/main-file/vendor/laravel/framework/src/Illuminate/Foundation/Bootstrap/BootProviders.php(17): Illuminate\\Foundation\\Application->boot()
#21 /Users/borchim/Downloads/codecanyon-3FohzjJo-vcard-saas-digital-business-card-builder-bio-links-builder/main-file/vendor/laravel/framework/src/Illuminate/Foundation/Application.php(341): Illuminate\\Foundation\\Bootstrap\\BootProviders->bootstrap(Object(Illuminate\\Foundation\\Application))
#22 /Users/borchim/Downloads/codecanyon-3FohzjJo-vcard-saas-digital-business-card-builder-bio-links-builder/main-file/vendor/laravel/framework/src/Illuminate/Foundation/Console/Kernel.php(473): Illuminate\\Foundation\\Application->bootstrapWith(Array)
#23 /Users/borchim/Downloads/codecanyon-3FohzjJo-vcard-saas-digital-business-card-builder-bio-links-builder/main-file/vendor/laravel/framework/src/Illuminate/Foundation/Console/Kernel.php(195): Illuminate\\Foundation\\Console\\Kernel->bootstrap()
#24 /Users/borchim/Downloads/codecanyon-3FohzjJo-vcard-saas-digital-business-card-builder-bio-links-builder/main-file/vendor/laravel/framework/src/Illuminate/Foundation/Application.php(1234): Illuminate\\Foundation\\Console\\Kernel->handle(Object(Symfony\\Component\\Console\\Input\\ArgvInput), Object(Symfony\\Component\\Console\\Output\\ConsoleOutput))
#25 /Users/borchim/Downloads/codecanyon-3FohzjJo-vcard-saas-digital-business-card-builder-bio-links-builder/main-file/artisan(16): Illuminate\\Foundation\\Application->handleCommand(Object(Symfony\\Component\\Console\\Input\\ArgvInput))
#26 {main}
"} 
[2026-04-06 22:22:58] production.ERROR: Please provide a valid cache path. {"exception":"[object] (InvalidArgumentException(code: 0): Please provide a valid cache path. at /Users/borchim/Downloads/codecanyon-3FohzjJo-vcard-saas-digital-business-card-builder-bio-links-builder/main-file/vendor/laravel/framework/src/Illuminate/View/Compilers/Compiler.php:75)
[stacktrace]
#0 /Users/borchim/Downloads/codecanyon-3FohzjJo-vcard-saas-digital-business-card-builder-bio-links-builder/main-file/vendor/laravel/framework/src/Illuminate/View/ViewServiceProvider.php(97): Illuminate\\View\\Compilers\\Compiler->__construct(Object(Illuminate\\Filesystem\\Filesystem), false, '', true, 'php', true)
#1 /Users/borchim/Downloads/codecanyon-3FohzjJo-vcard-saas-digital-business-card-builder-bio-links-builder/main-file/vendor/laravel/framework/src/Illuminate/Container/Container.php(1153): Illuminate\\View\\ViewServiceProvider->{closure:Illuminate\\View\\ViewServiceProvider::registerBladeCompiler():96}(Object(Illuminate\\Foundation\\Application), Array)
#2 /Users/borchim/Downloads/codecanyon-3FohzjJo-vcard-saas-digital-business-card-builder-bio-links-builder/main-file/vendor/laravel/framework/src/Illuminate/Container/Container.php(971): Illuminate\\Container\\Container->build(Object(Closure))
#3 /Users/borchim/Downloads/codecanyon-3FohzjJo-vcard-saas-digital-business-card-builder-bio-links-builder/main-file/vendor/laravel/framework/src/Illuminate/Foundation/Application.php(1077): Illuminate\\Container\\Container->resolve('blade.compiler', Array, true)
#4 /Users/borchim/Downloads/codecanyon-3FohzjJo-vcard-saas-digital-business-card-builder-bio-links-builder/main-file/vendor/laravel/framework/src/Illuminate/Container/Container.php(902): Illuminate\\Foundation\\Application->resolve('blade.compiler', Array)
#5 /Users/borchim/Downloads/codecanyon-3FohzjJo-vcard-saas-digital-business-card-builder-bio-links-builder/main-file/vendor/laravel/framework/src/Illuminate/Foundation/Application.php(1057): Illuminate\\Container\\Container->make('blade.compiler', Array)
#6 /Users/borchim/Downloads/codecanyon-3FohzjJo-vcard-saas-digital-business-card-builder-bio-links-builder/main-file/vendor/laravel/framework/src/Illuminate/Container/Container.php(1822): Illuminate\\Foundation\\Application->make('blade.compiler')
#7 /Users/borchim/Downloads/codecanyon-3FohzjJo-vcard-saas-digital-business-card-builder-bio-links-builder/main-file/vendor/laravel/framework/src/Illuminate/Support/Facades/Facade.php(240): Illuminate\\Container\\Container->offsetGet('blade.compiler')
#8 /Users/borchim/Downloads/codecanyon-3FohzjJo-vcard-saas-digital-business-card-builder-bio-links-builder/main-file/vendor/laravel/framework/src/Illuminate/Support/Facades/Facade.php(211): Illuminate\\Support\\Facades\\Facade::resolveFacadeInstance('blade.compiler')
#9 /Users/borchim/Downloads/codecanyon-3FohzjJo-vcard-saas-digital-business-card-builder-bio-links-builder/main-file/vendor/laravel/framework/src/Illuminate/Support/Facades/Facade.php(357): Illuminate\\Support\\Facades\\Facade::getFacadeRoot()
#10 /Users/borchim/Downloads/codecanyon-3FohzjJo-vcard-saas-digital-business-card-builder-bio-links-builder/main-file/vendor/larabug/larabug/src/ServiceProvider.php(43): Illuminate\\Support\\Facades\\Facade::__callStatic('include', Array)
#11 /Users/borchim/Downloads/codecanyon-3FohzjJo-vcard-saas-digital-business-card-builder-bio-links-builder/main-file/vendor/laravel/framework/src/Illuminate/Container/BoundMethod.php(36): LaraBug\\ServiceProvider->boot()
#12 /Users/borchim/Downloads/codecanyon-3FohzjJo-vcard-saas-digital-business-card-builder-bio-links-builder/main-file/vendor/laravel/framework/src/Illuminate/Container/Util.php(43): Illuminate\\Container\\BoundMethod::{closure:Illuminate\\Container\\BoundMethod::call():35}()
#13 /Users/borchim/Downloads/codecanyon-3FohzjJo-vcard-saas-digital-business-card-builder-bio-links-builder/main-file/vendor/laravel/framework/src/Illuminate/Container/BoundMethod.php(96): Illuminate\\Container\\Util::unwrapIfClosure(Object(Closure))
#14 /Users/borchim/Downloads/codecanyon-3FohzjJo-vcard-saas-digital-business-card-builder-bio-links-builder/main-file/vendor/laravel/framework/src/Illuminate/Container/BoundMethod.php(35): Illuminate\\Container\\BoundMethod::callBoundMethod(Object(Illuminate\\Foundation\\Application), Array, Object(Closure))
#15 /Users/borchim/Downloads/codecanyon-3FohzjJo-vcard-saas-digital-business-card-builder-bio-links-builder/main-file/vendor/laravel/framework/src/Illuminate/Container/Container.php(835): Illuminate\\Container\\BoundMethod::call(Object(Illuminate\\Foundation\\Application), Array, Array, NULL)
#16 /Users/borchim/Downloads/codecanyon-3FohzjJo-vcard-saas-digital-business-card-builder-bio-links-builder/main-file/vendor/laravel/framework/src/Illuminate/Foundation/Application.php(1150): Illuminate\\Container\\Container->call(Array)
#17 /Users/borchim/Downloads/codecanyon-3FohzjJo-vcard-saas-digital-business-card-builder-bio-links-builder/main-file/vendor/laravel/framework/src/Illuminate/Foundation/Application.php(1131): Illuminate\\Foundation\\Application->bootProvider(Object(LaraBug\\ServiceProvider))
#18 [internal function]: Illuminate\\Foundation\\Application->{closure:Illuminate\\Foundation\\Application::boot():1130}(Object(LaraBug\\ServiceProvider), 'LaraBug\\\\Service...')
#19 /Users/borchim/Downloads/codecanyon-3FohzjJo-vcard-saas-digital-business-card-builder-bio-links-builder/main-file/vendor/laravel/framework/src/Illuminate/Foundation/Application.php(1130): array_walk(Array, Object(Closure))
#20 /Users/borchim/Downloads/codecanyon-3FohzjJo-vcard-saas-digital-business-card-builder-bio-links-builder/main-file/vendor/laravel/framework/src/Illuminate/Foundation/Bootstrap/BootProviders.php(17): Illuminate\\Foundation\\Application->boot()
#21 /Users/borchim/Downloads/codecanyon-3FohzjJo-vcard-saas-digital-business-card-builder-bio-links-builder/main-file/vendor/laravel/framework/src/Illuminate/Foundation/Application.php(341): Illuminate\\Foundation\\Bootstrap\\BootProviders->bootstrap(Object(Illuminate\\Foundation\\Application))
#22 /Users/borchim/Downloads/codecanyon-3FohzjJo-vcard-saas-digital-business-card-builder-bio-links-builder/main-file/vendor/laravel/framework/src/Illuminate/Foundation/Console/Kernel.php(473): Illuminate\\Foundation\\Application->bootstrapWith(Array)
#23 /Users/borchim/Downloads/codecanyon-3FohzjJo-vcard-saas-digital-business-card-builder-bio-links-builder/main-file/vendor/laravel/framework/src/Illuminate/Foundation/Console/Kernel.php(195): Illuminate\\Foundation\\Console\\Kernel->bootstrap()
#24 /Users/borchim/Downloads/codecanyon-3FohzjJo-vcard-saas-digital-business-card-builder-bio-links-builder/main-file/vendor/laravel/framework/src/Illuminate/Foundation/Application.php(1234): Illuminate\\Foundation\\Console\\Kernel->handle(Object(Symfony\\Component\\Console\\Input\\ArgvInput), Object(Symfony\\Component\\Console\\Output\\ConsoleOutput))
#25 /Users/borchim/Downloads/codecanyon-3FohzjJo-vcard-saas-digital-business-card-builder-bio-links-builder/main-file/artisan(16): Illuminate\\Foundation\\Application->handleCommand(Object(Symfony\\Component\\Console\\Input\\ArgvInput))
#26 {main}
"} 
[2026-04-06 22:22:58] production.ERROR: Please provide a valid cache path. {"exception":"[object] (InvalidArgumentException(code: 0): Please provide a valid cache path. at /Users/borchim/Downloads/codecanyon-3FohzjJo-vcard-saas-digital-business-card-builder-bio-links-builder/main-file/vendor/laravel/framework/src/Illuminate/View/Compilers/Compiler.php:75)
[stacktrace]
#0 /Users/borchim/Downloads/codecanyon-3FohzjJo-vcard-saas-digital-business-card-builder-bio-links-builder/main-file/vendor/laravel/framework/src/Illuminate/View/ViewServiceProvider.php(97): Illuminate\\View\\Compilers\\Compiler->__construct(Object(Illuminate\\Filesystem\\Filesystem), false, '', true, 'php', true)
#1 /Users/borchim/Downloads/codecanyon-3FohzjJo-vcard-saas-digital-business-card-builder-bio-links-builder/main-file/vendor/laravel/framework/src/Illuminate/Container/Container.php(1153): Illuminate\\View\\ViewServiceProvider->{closure:Illuminate\\View\\ViewServiceProvider::registerBladeCompiler():96}(Object(Illuminate\\Foundation\\Application), Array)
#2 /Users/borchim/Downloads/codecanyon-3FohzjJo-vcard-saas-digital-business-card-builder-bio-links-builder/main-file/vendor/laravel/framework/src/Illuminate/Container/Container.php(971): Illuminate\\Container\\Container->build(Object(Closure))
#3 /Users/borchim/Downloads/codecanyon-3FohzjJo-vcard-saas-digital-business-card-builder-bio-links-builder/main-file/vendor/laravel/framework/src/Illuminate/Foundation/Application.php(1077): Illuminate\\Container\\Container->resolve('blade.compiler', Array, true)
#4 /Users/borchim/Downloads/codecanyon-3FohzjJo-vcard-saas-digital-business-card-builder-bio-links-builder/main-file/vendor/laravel/framework/src/Illuminate/Container/Container.php(902): Illuminate\\Foundation\\Application->resolve('blade.compiler', Array)
#5 /Users/borchim/Downloads/codecanyon-3FohzjJo-vcard-saas-digital-business-card-builder-bio-links-builder/main-file/vendor/laravel/framework/src/Illuminate/Foundation/Application.php(1057): Illuminate\\Container\\Container->make('blade.compiler', Array)
#6 /Users/borchim/Downloads/codecanyon-3FohzjJo-vcard-saas-digital-business-card-builder-bio-links-builder/main-file/vendor/laravel/framework/src/Illuminate/Container/Container.php(1822): Illuminate\\Foundation\\Application->make('blade.compiler')
#7 /Users/borchim/Downloads/codecanyon-3FohzjJo-vcard-saas-digital-business-card-builder-bio-links-builder/main-file/vendor/laravel/framework/src/Illuminate/Support/Facades/Facade.php(240): Illuminate\\Container\\Container->offsetGet('blade.compiler')
#8 /Users/borchim/Downloads/codecanyon-3FohzjJo-vcard-saas-digital-business-card-builder-bio-links-builder/main-file/vendor/laravel/framework/src/Illuminate/Support/Facades/Facade.php(211): Illuminate\\Support\\Facades\\Facade::resolveFacadeInstance('blade.compiler')
#9 /Users/borchim/Downloads/codecanyon-3FohzjJo-vcard-saas-digital-business-card-builder-bio-links-builder/main-file/vendor/laravel/framework/src/Illuminate/Support/Facades/Facade.php(357): Illuminate\\Support\\Facades\\Facade::getFacadeRoot()
#10 /Users/borchim/Downloads/codecanyon-3FohzjJo-vcard-saas-digital-business-card-builder-bio-links-builder/main-file/vendor/larabug/larabug/src/ServiceProvider.php(43): Illuminate\\Support\\Facades\\Facade::__callStatic('include', Array)
#11 /Users/borchim/Downloads/codecanyon-3FohzjJo-vcard-saas-digital-business-card-builder-bio-links-builder/main-file/vendor/laravel/framework/src/Illuminate/Container/BoundMethod.php(36): LaraBug\\ServiceProvider->boot()
#12 /Users/borchim/Downloads/codecanyon-3FohzjJo-vcard-saas-digital-business-card-builder-bio-links-builder/main-file/vendor/laravel/framework/src/Illuminate/Container/Util.php(43): Illuminate\\Container\\BoundMethod::{closure:Illuminate\\Container\\BoundMethod::call():35}()
#13 /Users/borchim/Downloads/codecanyon-3FohzjJo-vcard-saas-digital-business-card-builder-bio-links-builder/main-file/vendor/laravel/framework/src/Illuminate/Container/BoundMethod.php(96): Illuminate\\Container\\Util::unwrapIfClosure(Object(Closure))
#14 /Users/borchim/Downloads/codecanyon-3FohzjJo-vcard-saas-digital-business-card-builder-bio-links-builder/main-file/vendor/laravel/framework/src/Illuminate/Container/BoundMethod.php(35): Illuminate\\Container\\BoundMethod::callBoundMethod(Object(Illuminate\\Foundation\\Application), Array, Object(Closure))
#15 /Users/borchim/Downloads/codecanyon-3FohzjJo-vcard-saas-digital-business-card-builder-bio-links-builder/main-file/vendor/laravel/framework/src/Illuminate/Container/Container.php(835): Illuminate\\Container\\BoundMethod::call(Object(Illuminate\\Foundation\\Application), Array, Array, NULL)
#16 /Users/borchim/Downloads/codecanyon-3FohzjJo-vcard-saas-digital-business-card-builder-bio-links-builder/main-file/vendor/laravel/framework/src/Illuminate/Foundation/Application.php(1150): Illuminate\\Container\\Container->call(Array)
#17 /Users/borchim/Downloads/codecanyon-3FohzjJo-vcard-saas-digital-business-card-builder-bio-links-builder/main-file/vendor/laravel/framework/src/Illuminate/Foundation/Application.php(1131): Illuminate\\Foundation\\Application->bootProvider(Object(LaraBug\\ServiceProvider))
#18 [internal function]: Illuminate\\Foundation\\Application->{closure:Illuminate\\Foundation\\Application::boot():1130}(Object(LaraBug\\ServiceProvider), 'LaraBug\\\\Service...')
#19 /Users/borchim/Downloads/codecanyon-3FohzjJo-vcard-saas-digital-business-card-builder-bio-links-builder/main-file/vendor/laravel/framework/src/Illuminate/Foundation/Application.php(1130): array_walk(Array, Object(Closure))
#20 /Users/borchim/Downloads/codecanyon-3FohzjJo-vcard-saas-digital-business-card-builder-bio-links-builder/main-file/vendor/laravel/framework/src/Illuminate/Foundation/Bootstrap/BootProviders.php(17): Illuminate\\Foundation\\Application->boot()
#21 /Users/borchim/Downloads/codecanyon-3FohzjJo-vcard-saas-digital-business-card-builder-bio-links-builder/main-file/vendor/laravel/framework/src/Illuminate/Foundation/Application.php(341): Illuminate\\Foundation\\Bootstrap\\BootProviders->bootstrap(Object(Illuminate\\Foundation\\Application))
#22 /Users/borchim/Downloads/codecanyon-3FohzjJo-vcard-saas-digital-business-card-builder-bio-links-builder/main-file/vendor/laravel/framework/src/Illuminate/Foundation/Console/Kernel.php(473): Illuminate\\Foundation\\Application->bootstrapWith(Array)
#23 /Users/borchim/Downloads/codecanyon-3FohzjJo-vcard-saas-digital-business-card-builder-bio-links-builder/main-file/vendor/laravel/framework/src/Illuminate/Foundation/Console/Kernel.php(195): Illuminate\\Foundation\\Console\\Kernel->bootstrap()
#24 /Users/borchim/Downloads/codecanyon-3FohzjJo-vcard-saas-digital-business-card-builder-bio-links-builder/main-file/vendor/laravel/framework/src/Illuminate/Foundation/Application.php(1234): Illuminate\\Foundation\\Console\\Kernel->handle(Object(Symfony\\Component\\Console\\Input\\ArgvInput), Object(Symfony\\Component\\Console\\Output\\ConsoleOutput))
#25 /Users/borchim/Downloads/codecanyon-3FohzjJo-vcard-saas-digital-business-card-builder-bio-links-builder/main-file/artisan(16): Illuminate\\Foundation\\Application->handleCommand(Object(Symfony\\Component\\Console\\Input\\ArgvInput))
#26 {main}
"} 
